<?xml version="1.0" encoding="UTF-8"?>
<!-- Generated by org.testng.reporters.JUnitXMLReporter -->
<testsuite hostname="DESKTOP-COQCETM" failures="0" tests="1" name="Surefire test" time="1.151" errors="0" timestamp="26 Feb 2024 23:49:30 GMT">
  <testcase classname="test.TestNGFramework" name="@BeforeMethod LaunchBrowser" time="0.0">
    <failure type="org.testng.TestNGException" message="
Parameter &amp;apos;url&amp;apos; is required by @Configuration on method LaunchBrowser
but has not been marked @Optional or defined ">
      <![CDATA[org.testng.TestNGException: 
Parameter 'url' is required by @Configuration on method LaunchBrowser
but has not been marked @Optional or defined 
	at org.apache.maven.surefire.testng.TestNGExecutor.run(TestNGExecutor.java:135)
	at org.apache.maven.surefire.testng.TestNGDirectoryTestSuite.executeSingleClass(TestNGDirectoryTestSuite.java:112)
	at org.apache.maven.surefire.testng.TestNGDirectoryTestSuite.execute(TestNGDirectoryTestSuite.java:99)
	at org.apache.maven.surefire.testng.TestNGProvider.invoke(TestNGProvider.java:146)
	at org.apache.maven.surefire.booter.ForkedBooter.invokeProviderInSameClassLoader(ForkedBooter.java:384)
	at org.apache.maven.surefire.booter.ForkedBooter.runSuitesInProcess(ForkedBooter.java:345)
	at org.apache.maven.surefire.booter.ForkedBooter.execute(ForkedBooter.java:126)
	at org.apache.maven.surefire.booter.ForkedBooter.main(ForkedBooter.java:418)
... Removed 20 stack frames]]>
    </failure>
  </testcase>
  <testcase classname="test.TestNGFramework" name="@AfterMethod closeBrowser" time="0.0">
    <skipped/>
  </testcase>
  <testcase classname="test.TestNGFramework" name="AddToCart" time="0.0">
    <skipped/>
  </testcase>
</testsuite>
